Using pre-set license
Built from '2021.3/staging' branch; Version is '2021.3.3f1 (af2e63e8f9bd) revision 11480675'; Using compiler version '192829333'; Build Type 'Release'
OS: 'Windows 10  (10.0.19044) 64bit Professional' Language: 'en' Physical Memory: 16304 MB
BatchMode: 1, IsHumanControllingUs: 0, StartBugReporterOnCrash: 0, Is64bit: 1, IsPro: 1

COMMAND LINE ARGUMENTS:
C:\Program Files\Unity\Hub\Editor\2021.3.3f1\Editor\Unity.exe
-adb2
-batchMode
-noUpm
-name
AssetImportWorker10
-projectPath
D:/Naiz/naiz-advanture-master
-logFile
Logs/AssetImportWorker10.log
-srvPort
1062
Successfully changed project path to: D:/Naiz/naiz-advanture-master
D:/Naiz/naiz-advanture-master
[UnityMemory] Configuration Parameters - Can be set up in boot.config
    "memorysetup-bucket-allocator-granularity=16"
    "memorysetup-bucket-allocator-bucket-count=8"
    "memorysetup-bucket-allocator-block-size=33554432"
    "memorysetup-bucket-allocator-block-count=8"
    "memorysetup-main-allocator-block-size=16777216"
    "memorysetup-thread-allocator-block-size=16777216"
    "memorysetup-gfx-main-allocator-block-size=16777216"
    "memorysetup-gfx-thread-allocator-block-size=16777216"
    "memorysetup-cache-allocator-block-size=4194304"
    "memorysetup-typetree-allocator-block-size=2097152"
    "memorysetup-profiler-bucket-allocator-granularity=16"
    "memorysetup-profiler-bucket-allocator-bucket-count=8"
    "memorysetup-profiler-bucket-allocator-block-size=33554432"
    "memorysetup-profiler-bucket-allocator-block-count=8"
    "memorysetup-profiler-allocator-block-size=16777216"
    "memorysetup-profiler-editor-allocator-block-size=1048576"
    "memorysetup-temp-allocator-size-main=16777216"
    "memorysetup-job-temp-allocator-block-size=2097152"
    "memorysetup-job-temp-allocator-block-size-background=1048576"
    "memorysetup-job-temp-allocator-reduction-small-platforms=262144"
    "memorysetup-temp-allocator-size-background-worker=32768"
    "memorysetup-temp-allocator-size-job-worker=262144"
    "memorysetup-temp-allocator-size-preload-manager=33554432"
    "memorysetup-temp-allocator-size-nav-mesh-worker=65536"
    "memorysetup-temp-allocator-size-audio-worker=65536"
    "memorysetup-temp-allocator-size-cloud-worker=32768"
    "memorysetup-temp-allocator-size-gi-baking-worker=262144"
    "memorysetup-temp-allocator-size-gfx=262144"
Refreshing native plugins compatible for Editor in 102.19 ms, found 3 plugins.
Preloading 0 native plugins for Editor in 0.00 ms.
Initialize engine version: 2021.3.3f1 (af2e63e8f9bd)
[Subsystems] Discovering subsystems at path C:/Program Files/Unity/Hub/Editor/2021.3.3f1/Editor/Data/Resources/UnitySubsystems
[Subsystems] Discovering subsystems at path D:/Naiz/naiz-advanture-master/Assets
GfxDevice: creating device client; threaded=0; jobified=0
Direct3D:
    Version:  Direct3D 11.0 [level 11.1]
    Renderer: NVIDIA GeForce GTX 1050 Ti (ID=0x1c82)
    Vendor:   NVIDIA
    VRAM:     4018 MB
    Driver:   30.0.14.9649
Initialize mono
Mono path[0] = 'C:/Program Files/Unity/Hub/Editor/2021.3.3f1/Editor/Data/Managed'
Mono path[1] = 'C:/Program Files/Unity/Hub/Editor/2021.3.3f1/Editor/Data/MonoBleedingEdge/lib/mono/unityjit-win32'
Mono config path = 'C:/Program Files/Unity/Hub/Editor/2021.3.3f1/Editor/Data/MonoBleedingEdge/etc'
Using monoOptions --debugger-agent=transport=dt_socket,embedding=1,server=y,suspend=n,address=127.0.0.1:56660
Begin MonoManager ReloadAssembly
Registering precompiled unity dll's ...
Register platform support module: C:/Program Files/Unity/Hub/Editor/2021.3.3f1/Editor/Data/PlaybackEngines/WebGLSupport/UnityEditor.WebGL.Extensions.dll
Register platform support module: C:/Program Files/Unity/Hub/Editor/2021.3.3f1/Editor/Data/PlaybackEngines/WindowsStandaloneSupport/UnityEditor.WindowsStandalone.Extensions.dll
Registered in 0.010480 seconds.
Native extension for WindowsStandalone target not found
Native extension for WebGL target not found
Refreshing native plugins compatible for Editor in 102.62 ms, found 3 plugins.
Preloading 0 native plugins for Editor in 0.00 ms.
Mono: successfully reloaded assembly
- Completed reload, in  0.810 seconds
Domain Reload Profiling:
	ReloadAssembly (810ms)
		BeginReloadAssembly (105ms)
			ExecutionOrderSort (0ms)
			DisableScriptedObjects (0ms)
			BackupInstance (0ms)
			ReleaseScriptingObjects (0ms)
			CreateAndSetChildDomain (1ms)
		EndReloadAssembly (534ms)
			LoadAssemblies (103ms)
			RebuildTransferFunctionScriptingTraits (0ms)
			SetupTypeCache (147ms)
			ReleaseScriptCaches (0ms)
			RebuildScriptCaches (30ms)
			SetupLoadedEditorAssemblies (302ms)
				LogAssemblyErrors (0ms)
				InitializePlatformSupportModulesInManaged (12ms)
				SetLoadedEditorAssemblies (0ms)
				RefreshPlugins (103ms)
				BeforeProcessingInitializeOnLoad (1ms)
				ProcessInitializeOnLoadAttributes (134ms)
				ProcessInitializeOnLoadMethodAttributes (51ms)
				AfterProcessingInitializeOnLoad (0ms)
				EditorAssembliesLoaded (0ms)
			ExecutionOrderSort2 (0ms)
			AwakeInstancesAfterBackupRestoration (0ms)
Platform modules already initialized, skipping
Registering precompiled user dll's ...
Registered in 0.006740 seconds.
Begin MonoManager ReloadAssembly
Symbol file LoadedFromMemory doesn't match image D:\Naiz\naiz-advanture-master\Library\PackageCache\com.unity.visualscripting@1.7.6\Editor\VisualScripting.Core\Dependencies\YamlDotNet\Unity.VisualScripting.YamlDotNet.dll
Symbol file LoadedFromMemory doesn't match image D:\Naiz\naiz-advanture-master\Library\PackageCache\com.unity.visualscripting@1.7.6\Editor\VisualScripting.Core\Dependencies\DotNetZip\Unity.VisualScripting.IonicZip.dll
Native extension for WindowsStandalone target not found
Native extension for WebGL target not found
Refreshing native plugins compatible for Editor in 93.47 ms, found 3 plugins.
Preloading 0 native plugins for Editor in 0.00 ms.
Mono: successfully reloaded assembly
- Completed reload, in  1.894 seconds
Domain Reload Profiling:
	ReloadAssembly (1895ms)
		BeginReloadAssembly (165ms)
			ExecutionOrderSort (0ms)
			DisableScriptedObjects (7ms)
			BackupInstance (0ms)
			ReleaseScriptingObjects (0ms)
			CreateAndSetChildDomain (21ms)
		EndReloadAssembly (1600ms)
			LoadAssemblies (447ms)
			RebuildTransferFunctionScriptingTraits (0ms)
			SetupTypeCache (326ms)
			ReleaseScriptCaches (1ms)
			RebuildScriptCaches (64ms)
			SetupLoadedEditorAssemblies (723ms)
				LogAssemblyErrors (0ms)
				InitializePlatformSupportModulesInManaged (7ms)
				SetLoadedEditorAssemblies (0ms)
				RefreshPlugins (94ms)
				BeforeProcessingInitializeOnLoad (156ms)
				ProcessInitializeOnLoadAttributes (399ms)
				ProcessInitializeOnLoadMethodAttributes (59ms)
				AfterProcessingInitializeOnLoad (9ms)
				EditorAssembliesLoaded (0ms)
			ExecutionOrderSort2 (0ms)
			AwakeInstancesAfterBackupRestoration (11ms)
Platform modules already initialized, skipping
========================================================================
Worker process is ready to serve import requests
Launched and connected shader compiler UnityShaderCompiler.exe after 0.23 seconds
Refreshing native plugins compatible for Editor in 1.19 ms, found 3 plugins.
Preloading 0 native plugins for Editor in 0.00 ms.
Unloading 3887 Unused Serialized files (Serialized files now loaded: 0)
Unloading 42 unused Assets / (129.5 KB). Loaded Objects now: 4366.
Memory consumption went from 164.8 MB to 164.7 MB.
Total: 3.433600 ms (FindLiveObjects: 0.327400 ms CreateObjectMapping: 0.261200 ms MarkObjects: 2.704000 ms  DeleteObjects: 0.139800 ms)

AssetImportParameters requested are different than current active one (requested -> active):
  custom:video-decoder-ogg-theora: a1e56fd34408186e4bbccfd4996cb3dc -> 
  custom:container-muxer-webm: aa71ff27fc2769a1b78a27578f13a17b -> 
  custom:container-demuxer-webm: 4f35f7cbe854078d1ac9338744f61a02 -> 
  custom:video-encoder-webm-vp8: eb34c28f22e8b96e1ab97ce403110664 -> 
  custom:audio-encoder-webm-vorbis: bf7c407c2cedff20999df2af8eb42d56 -> 
  custom:framework-win-MediaFoundation: 216162199b28c13a410421893ffa2e32 -> 
  custom:container-demuxer-ogg: 62fdf1f143b41e24485cea50d1cbac27 -> 
  custom:video-decoder-webm-vp8: 9c59270c3fd7afecdb556c50c9e8de78 -> 
  custom:audio-decoder-ogg-vorbis: bf7c407c2cedff20999df2af8eb42d56 -> 
========================================================================
Received Import Request.
  Time since last request: 3794359.758985 seconds.
  path: Assets/AlignedGames/Polygonal Foliage Asset Package/Art/Materials/atlass_1_2.mat
  artifactKey: Guid(8e6f7b24df38b1c4db797b100135d36e) Importer(815301076,1909f56bfc062723c751e8b465ee728b)
Start importing Assets/AlignedGames/Polygonal Foliage Asset Package/Art/Materials/atlass_1_2.mat using Guid(8e6f7b24df38b1c4db797b100135d36e) Importer(815301076,1909f56bfc062723c751e8b465ee728b)  -> (artifact id: '444cf20bc96bb911f9160074baa7e786') in 1.730391 seconds 
========================================================================
Received Import Request.
  Time since last request: 1.207418 seconds.
  path: Assets/AlignedGames/Polygonal Foliage Asset Package/Art/Models/Rocks/Rock1/rock_1.prefab
  artifactKey: Guid(da41ebe8e268ce3478edca856a24d3c1) Importer(815301076,1909f56bfc062723c751e8b465ee728b)
Start importing Assets/AlignedGames/Polygonal Foliage Asset Package/Art/Models/Rocks/Rock1/rock_1.prefab using Guid(da41ebe8e268ce3478edca856a24d3c1) Importer(815301076,1909f56bfc062723c751e8b465ee728b)  -> (artifact id: '098d4a59dd56d2b7575db25384f266e2') in 4.493504 seconds 
========================================================================
Received Import Request.
  Time since last request: 316.777840 seconds.
  path: Assets/AlignedGames/Polygonal Foliage Asset Package/Art/Models/Rocks/Rock4/rock_4.prefab
  artifactKey: Guid(128c135be2657d14981fa1729fe2be5a) Importer(815301076,1909f56bfc062723c751e8b465ee728b)
Start importing Assets/AlignedGames/Polygonal Foliage Asset Package/Art/Models/Rocks/Rock4/rock_4.prefab using Guid(128c135be2657d14981fa1729fe2be5a) Importer(815301076,1909f56bfc062723c751e8b465ee728b)  -> (artifact id: '72ad1aed2d6b28589c47ecfb1662f948') in 0.033363 seconds 
========================================================================
Received Import Request.
  Time since last request: 1.472578 seconds.
  path: Assets/AlignedGames/Polygonal Foliage Asset Package/Art/Models/Rocks/Rock5/rock_5.prefab
  artifactKey: Guid(4304a767f3895364f84e1e67473e420a) Importer(815301076,1909f56bfc062723c751e8b465ee728b)
Start importing Assets/AlignedGames/Polygonal Foliage Asset Package/Art/Models/Rocks/Rock5/rock_5.prefab using Guid(4304a767f3895364f84e1e67473e420a) Importer(815301076,1909f56bfc062723c751e8b465ee728b)  -> (artifact id: 'ebf939f9ae6b23484465cf9230101471') in 0.025164 seconds 
========================================================================
Received Import Request.
  Time since last request: 2.722394 seconds.
  path: Assets/AlignedGames/Polygonal Foliage Asset Package/Art/Models/Rocks/Rock18/rock_18.prefab
  artifactKey: Guid(6ca91e462ef968f44bf82a1768465777) Importer(815301076,1909f56bfc062723c751e8b465ee728b)
Start importing Assets/AlignedGames/Polygonal Foliage Asset Package/Art/Models/Rocks/Rock18/rock_18.prefab using Guid(6ca91e462ef968f44bf82a1768465777) Importer(815301076,1909f56bfc062723c751e8b465ee728b)  -> (artifact id: '9ccdffab22e45bcec242db0c29fde620') in 0.028046 seconds 
========================================================================
Received Import Request.
  Time since last request: 4.919176 seconds.
  path: Assets/AlignedGames/Polygonal Foliage Asset Package/Art/Models/Clouds/Cloud1/cloud_1.prefab
  artifactKey: Guid(89183a5c31b1c1b4f89c7e21d8ca741c) Importer(815301076,1909f56bfc062723c751e8b465ee728b)
Start importing Assets/AlignedGames/Polygonal Foliage Asset Package/Art/Models/Clouds/Cloud1/cloud_1.prefab using Guid(89183a5c31b1c1b4f89c7e21d8ca741c) Importer(815301076,1909f56bfc062723c751e8b465ee728b)  -> (artifact id: 'a791c81e5cc63dc81568db8fc94f385a') in 0.023543 seconds 
========================================================================
Received Import Request.
  Time since last request: 7.071435 seconds.
  path: Assets/AlignedGames/Polygonal Foliage Asset Package/Art/Models/Slabs/Slab2/slab_2.prefab
  artifactKey: Guid(f114790dd73d5ba46899308b88880365) Importer(815301076,1909f56bfc062723c751e8b465ee728b)
Start importing Assets/AlignedGames/Polygonal Foliage Asset Package/Art/Models/Slabs/Slab2/slab_2.prefab using Guid(f114790dd73d5ba46899308b88880365) Importer(815301076,1909f56bfc062723c751e8b465ee728b)  -> (artifact id: '66e33a00198699d4e1a4c931cecb3982') in 0.024482 seconds 
========================================================================
Received Import Request.
  Time since last request: 17.216755 seconds.
  path: Assets/AlignedGames/Polygonal Foliage Asset Package/Art/Models/Bushes/Bush1/bush_1.prefab
  artifactKey: Guid(0922ee3a38e19aa4ea103aefd1704e0d) Importer(815301076,1909f56bfc062723c751e8b465ee728b)
Start importing Assets/AlignedGames/Polygonal Foliage Asset Package/Art/Models/Bushes/Bush1/bush_1.prefab using Guid(0922ee3a38e19aa4ea103aefd1704e0d) Importer(815301076,1909f56bfc062723c751e8b465ee728b)  -> (artifact id: '6884192fab6d1f75efd6e3e59f5c8d1b') in 0.018146 seconds 
========================================================================
Received Import Request.
  Time since last request: 1.973923 seconds.
  path: Assets/AlignedGames/Polygonal Foliage Asset Package/Art/Models/Bushes/Bush4/bush_4.prefab
  artifactKey: Guid(b00b4b56eca3251449675f6158e600cf) Importer(815301076,1909f56bfc062723c751e8b465ee728b)
Start importing Assets/AlignedGames/Polygonal Foliage Asset Package/Art/Models/Bushes/Bush4/bush_4.prefab using Guid(b00b4b56eca3251449675f6158e600cf) Importer(815301076,1909f56bfc062723c751e8b465ee728b)  -> (artifact id: '5986aee29d5b77c36dfedf1d9816c0d1') in 0.025566 seconds 
========================================================================
Received Import Request.
  Time since last request: 1.908395 seconds.
  path: Assets/AlignedGames/Polygonal Foliage Asset Package/Art/Models/Bushes/Bush3/bush_3.prefab
  artifactKey: Guid(f452cdb75db6e154a92b59d53ccebfd4) Importer(815301076,1909f56bfc062723c751e8b465ee728b)
Start importing Assets/AlignedGames/Polygonal Foliage Asset Package/Art/Models/Bushes/Bush3/bush_3.prefab using Guid(f452cdb75db6e154a92b59d53ccebfd4) Importer(815301076,1909f56bfc062723c751e8b465ee728b)  -> (artifact id: 'a4c9bcae647414be2843a9e7d8e694ed') in 0.029610 seconds 
========================================================================
Received Import Request.
  Time since last request: 10.393606 seconds.
  path: Assets/AlignedGames/Polygonal Foliage Asset Package/Art/Models/Grass/Grass1/grass_1.prefab
  artifactKey: Guid(9e8c3a7e58b8d4642bbf2694bf3a1c0a) Importer(815301076,1909f56bfc062723c751e8b465ee728b)
Start importing Assets/AlignedGames/Polygonal Foliage Asset Package/Art/Models/Grass/Grass1/grass_1.prefab using Guid(9e8c3a7e58b8d4642bbf2694bf3a1c0a) Importer(815301076,1909f56bfc062723c751e8b465ee728b)  -> (artifact id: '9e274aa822756e50ec880b4e4c657f4f') in 0.034585 seconds 
========================================================================
Received Import Request.
  Time since last request: 5.306938 seconds.
  path: Assets/AlignedGames/Polygonal Foliage Asset Package/Art/Models/Stumps/Stump1/stump_1.prefab
  artifactKey: Guid(d0bde43a3da318640ad9d8222ec10d96) Importer(815301076,1909f56bfc062723c751e8b465ee728b)
Start importing Assets/AlignedGames/Polygonal Foliage Asset Package/Art/Models/Stumps/Stump1/stump_1.prefab using Guid(d0bde43a3da318640ad9d8222ec10d96) Importer(815301076,1909f56bfc062723c751e8b465ee728b)  -> (artifact id: '6d63dd9b830cbf747083735c020b127f') in 0.014388 seconds 
========================================================================
Received Import Request.
  Time since last request: 6.510254 seconds.
  path: Assets/AlignedGames/Polygonal Foliage Asset Package/Art/Models/Slabs/Slab1/slab_1.prefab
  artifactKey: Guid(5c146077bdeb6394ba02514ef95f07b0) Importer(815301076,1909f56bfc062723c751e8b465ee728b)
Start importing Assets/AlignedGames/Polygonal Foliage Asset Package/Art/Models/Slabs/Slab1/slab_1.prefab using Guid(5c146077bdeb6394ba02514ef95f07b0) Importer(815301076,1909f56bfc062723c751e8b465ee728b)  -> (artifact id: 'a7c4a5b9c1d9572e7ad2cea36417c5ed') in 0.019083 seconds 
========================================================================
Received Import Request.
  Time since last request: 336.150987 seconds.
  path: Assets/stone_floor_texture/Stone_floor_09.png
  artifactKey: Guid(6cac73f2a8fa6ce42b25c745285032ec) Importer(815301076,1909f56bfc062723c751e8b465ee728b)
Start importing Assets/stone_floor_texture/Stone_floor_09.png using Guid(6cac73f2a8fa6ce42b25c745285032ec) Importer(815301076,1909f56bfc062723c751e8b465ee728b)  -> (artifact id: 'c1b4b96135601debc6b5e322d6dce878') in 0.025256 seconds 
========================================================================
Received Import Request.
  Time since last request: 216.396245 seconds.
  path: Assets/AlignedGames/Polygonal Foliage Asset Package/Shaders
  artifactKey: Guid(13f798f02f5d8ce49a9feca61e20b3a9) Importer(815301076,1909f56bfc062723c751e8b465ee728b)
Start importing Assets/AlignedGames/Polygonal Foliage Asset Package/Shaders using Guid(13f798f02f5d8ce49a9feca61e20b3a9) Importer(815301076,1909f56bfc062723c751e8b465ee728b)  -> (artifact id: '09c5cc195572435b852a42423677cb04') in 0.003661 seconds 
========================================================================
Received Import Request.
  Time since last request: 8.350558 seconds.
  path: Assets/AlignedGames/Polygonal Foliage Asset Package/Art/Models/Flowers/Flower1/flower_1.fbx
  artifactKey: Guid(9ce980118ecc6b746a726d933f607ec4) Importer(815301076,1909f56bfc062723c751e8b465ee728b)
Start importing Assets/AlignedGames/Polygonal Foliage Asset Package/Art/Models/Flowers/Flower1/flower_1.fbx using Guid(9ce980118ecc6b746a726d933f607ec4) Importer(815301076,1909f56bfc062723c751e8b465ee728b)  -> (artifact id: '3e97e46b0658decc25e4be3bf8e6c573') in 4.291132 seconds 
========================================================================
Received Import Request.
  Time since last request: 87.915396 seconds.
  path: Assets/AlignedGames/Polygonal Foliage Asset Package/Art/Models/Rocks/Rock2/rock_2.fbx
  artifactKey: Guid(a8795446c073b5045a24a590c004996e) Importer(815301076,1909f56bfc062723c751e8b465ee728b)
Start importing Assets/AlignedGames/Polygonal Foliage Asset Package/Art/Models/Rocks/Rock2/rock_2.fbx using Guid(a8795446c073b5045a24a590c004996e) Importer(815301076,1909f56bfc062723c751e8b465ee728b)  -> (artifact id: '214db9cb91b7ae4eadc1853e2e6bdc88') in 2.892314 seconds 
========================================================================
Received Import Request.
  Time since last request: 23.570007 seconds.
  path: Assets/AlignedGames/Polygonal Foliage Asset Package/Art/Models/Rocks/Rock3/rock_3.fbx
  artifactKey: Guid(2d7fbc8e8e8b5e54a9acfe399d1cef71) Importer(815301076,1909f56bfc062723c751e8b465ee728b)
Start importing Assets/AlignedGames/Polygonal Foliage Asset Package/Art/Models/Rocks/Rock3/rock_3.fbx using Guid(2d7fbc8e8e8b5e54a9acfe399d1cef71) Importer(815301076,1909f56bfc062723c751e8b465ee728b)  -> (artifact id: '3b4628a76205a5aff406fb8683792d50') in 2.019959 seconds 
========================================================================
Received Import Request.
  Time since last request: 0.005094 seconds.
  path: Assets/AlignedGames/Polygonal Foliage Asset Package/Art/Models/Rocks/Rock3/rock_3.prefab
  artifactKey: Guid(6933375681575c64487a3427da0d73b1) Importer(815301076,1909f56bfc062723c751e8b465ee728b)
Start importing Assets/AlignedGames/Polygonal Foliage Asset Package/Art/Models/Rocks/Rock3/rock_3.prefab using Guid(6933375681575c64487a3427da0d73b1) Importer(815301076,1909f56bfc062723c751e8b465ee728b)  -> (artifact id: '17ad087edf519aaf6cb99523c8626dec') in 0.581036 seconds 
========================================================================
Received Import Request.
  Time since last request: 4.301983 seconds.
  path: Assets/AlignedGames/Polygonal Foliage Asset Package/Art/Models/Rocks/Rock6/rock_6.fbx
  artifactKey: Guid(b24caf45e6f47d440b5cf772700ff52a) Importer(815301076,1909f56bfc062723c751e8b465ee728b)
Start importing Assets/AlignedGames/Polygonal Foliage Asset Package/Art/Models/Rocks/Rock6/rock_6.fbx using Guid(b24caf45e6f47d440b5cf772700ff52a) Importer(815301076,1909f56bfc062723c751e8b465ee728b)  -> (artifact id: 'c6c858c503c347ad921214d6d4092eb5') in 0.023010 seconds 
========================================================================
Received Import Request.
  Time since last request: 3.344395 seconds.
  path: Assets/AlignedGames/Polygonal Foliage Asset Package/Art/Models/Rocks/Rock7/rock_7.fbx
  artifactKey: Guid(1de014002e771b84a9ff19bc335145ad) Importer(815301076,1909f56bfc062723c751e8b465ee728b)
Start importing Assets/AlignedGames/Polygonal Foliage Asset Package/Art/Models/Rocks/Rock7/rock_7.fbx using Guid(1de014002e771b84a9ff19bc335145ad) Importer(815301076,1909f56bfc062723c751e8b465ee728b)  -> (artifact id: 'b47681db5fe1a9af60358153916b5a16') in 2.854813 seconds 
========================================================================
Received Import Request.
  Time since last request: 7.297702 seconds.
  path: Assets/AlignedGames/Polygonal Foliage Asset Package/Art/Models/Rocks/Rock8/rock_8.fbx
  artifactKey: Guid(7493efd9b1175a3498101c22fe5d187e) Importer(815301076,1909f56bfc062723c751e8b465ee728b)
Start importing Assets/AlignedGames/Polygonal Foliage Asset Package/Art/Models/Rocks/Rock8/rock_8.fbx using Guid(7493efd9b1175a3498101c22fe5d187e) Importer(815301076,1909f56bfc062723c751e8b465ee728b)  -> (artifact id: '3a81112f7f1210adfecc47359926857c') in 0.043782 seconds 
========================================================================
Received Import Request.
  Time since last request: 40.938932 seconds.
  path: Assets/AlignedGames/Polygonal Foliage Asset Package/Art/Models/Rocks/Rock9/rock_9.fbx
  artifactKey: Guid(97fba8776dee47e47891d5f537f8dfb9) Importer(815301076,1909f56bfc062723c751e8b465ee728b)
Start importing Assets/AlignedGames/Polygonal Foliage Asset Package/Art/Models/Rocks/Rock9/rock_9.fbx using Guid(97fba8776dee47e47891d5f537f8dfb9) Importer(815301076,1909f56bfc062723c751e8b465ee728b)  -> (artifact id: '2c3636cf5b650033788afa762bcb7f5f') in 1.536732 seconds 
========================================================================
Received Import Request.
  Time since last request: 0.283970 seconds.
  path: Assets/AlignedGames/Polygonal Foliage Asset Package/Art/Models/Rocks/Rock10/rock_10.prefab
  artifactKey: Guid(2c939f2d9e25a874d82be63fc70a4d32) Importer(815301076,1909f56bfc062723c751e8b465ee728b)
Start importing Assets/AlignedGames/Polygonal Foliage Asset Package/Art/Models/Rocks/Rock10/rock_10.prefab using Guid(2c939f2d9e25a874d82be63fc70a4d32) Importer(815301076,1909f56bfc062723c751e8b465ee728b)  -> (artifact id: '57032efd7daab823bc807251ee192740') in 0.121440 seconds 
========================================================================
Received Import Request.
  Time since last request: 2.776024 seconds.
  path: Assets/AlignedGames/Polygonal Foliage Asset Package/Art/Models/Rocks/Rock11/rock_11.fbx
  artifactKey: Guid(70d2bb889f13b814e8c483f173e5adb0) Importer(815301076,1909f56bfc062723c751e8b465ee728b)
Start importing Assets/AlignedGames/Polygonal Foliage Asset Package/Art/Models/Rocks/Rock11/rock_11.fbx using Guid(70d2bb889f13b814e8c483f173e5adb0) Importer(815301076,1909f56bfc062723c751e8b465ee728b)  -> (artifact id: '01f0cf83941fc6876dfb0a0f23b1efaa') in 4.303775 seconds 
========================================================================
Received Import Request.
  Time since last request: 0.000021 seconds.
  path: Assets/AlignedGames/Polygonal Foliage Asset Package/Art/Models/Rocks/Rock12/rock_12.fbx
  artifactKey: Guid(03560a270954d3941b2526c93f0f3a92) Importer(815301076,1909f56bfc062723c751e8b465ee728b)
Start importing Assets/AlignedGames/Polygonal Foliage Asset Package/Art/Models/Rocks/Rock12/rock_12.fbx using Guid(03560a270954d3941b2526c93f0f3a92) Importer(815301076,1909f56bfc062723c751e8b465ee728b)  -> (artifact id: '5639ce6e8e963dd591a3f819e26eb113') in 0.016381 seconds 
========================================================================
Received Import Request.
  Time since last request: 3.041869 seconds.
  path: Assets/AlignedGames/Polygonal Foliage Asset Package/Art/Models/Rocks/Rock13/rock_13.fbx
  artifactKey: Guid(12b3897d9062b2a46846c0bf971d0e76) Importer(815301076,1909f56bfc062723c751e8b465ee728b)
Start importing Assets/AlignedGames/Polygonal Foliage Asset Package/Art/Models/Rocks/Rock13/rock_13.fbx using Guid(12b3897d9062b2a46846c0bf971d0e76) Importer(815301076,1909f56bfc062723c751e8b465ee728b)  -> (artifact id: 'a70191a6fcd14f92087b7be8a58a30b4') in 0.036437 seconds 
========================================================================
Received Import Request.
  Time since last request: 3.820874 seconds.
  path: Assets/AlignedGames/Polygonal Foliage Asset Package/Art/Models/Rocks/Rock14/rock_14.fbx
  artifactKey: Guid(f729920daf6d2a04f9018ee6d7ff4938) Importer(815301076,1909f56bfc062723c751e8b465ee728b)
Start importing Assets/AlignedGames/Polygonal Foliage Asset Package/Art/Models/Rocks/Rock14/rock_14.fbx using Guid(f729920daf6d2a04f9018ee6d7ff4938) Importer(815301076,1909f56bfc062723c751e8b465ee728b)  -> (artifact id: '8a1c8efb64a679ac601e5383334abbbb') in 5.188550 seconds 
========================================================================
Received Import Request.
  Time since last request: 242.116199 seconds.
  path: Assets/AllSkyFree/_AllSkyFreeDemoEnvironment/Materials/AllSkyDemoEnv_Flag_Blue.mat
  artifactKey: Guid(8e64a72f2cb9c45bba4b11d98489b11f) Importer(815301076,1909f56bfc062723c751e8b465ee728b)
Start importing Assets/AllSkyFree/_AllSkyFreeDemoEnvironment/Materials/AllSkyDemoEnv_Flag_Blue.mat using Guid(8e64a72f2cb9c45bba4b11d98489b11f) Importer(815301076,1909f56bfc062723c751e8b465ee728b)  -> (artifact id: '6416411c96be44792b979f71159152a2') in 0.023228 seconds 
========================================================================
Received Import Request.
  Time since last request: 0.000030 seconds.
  path: Assets/AllSkyFree/_AllSkyFreeDemoEnvironment/Materials/AllSkyDemoEnv_TreeTrunk.mat
  artifactKey: Guid(52d55542834f2465eb9aed460fd370de) Importer(815301076,1909f56bfc062723c751e8b465ee728b)
Start importing Assets/AllSkyFree/_AllSkyFreeDemoEnvironment/Materials/AllSkyDemoEnv_TreeTrunk.mat using Guid(52d55542834f2465eb9aed460fd370de) Importer(815301076,1909f56bfc062723c751e8b465ee728b)  -> (artifact id: '6deb20444cdb088acc83049dd70825a5') in 0.011348 seconds 
========================================================================
Received Import Request.
  Time since last request: 0.000047 seconds.
  path: Assets/AllSkyFree/_AllSkyFreeDemoEnvironment/Materials/AllSkyDemoEnv_SphereSkyReflect.mat
  artifactKey: Guid(6b37186f17556447eb6746e517892110) Importer(815301076,1909f56bfc062723c751e8b465ee728b)
Start importing Assets/AllSkyFree/_AllSkyFreeDemoEnvironment/Materials/AllSkyDemoEnv_SphereSkyReflect.mat using Guid(6b37186f17556447eb6746e517892110) Importer(815301076,1909f56bfc062723c751e8b465ee728b)  -> (artifact id: 'd3ad567f214f58232c26f28f14c8adf6') in 0.143617 seconds 
========================================================================
Received Import Request.
  Time since last request: 0.000198 seconds.
  path: Assets/AllSkyFree/_AllSkyFreeDemoEnvironment/Materials/AllSkyDemoEnv_Rock.mat
  artifactKey: Guid(bfe0cbb8b308b4a40a8f309f516eede2) Importer(815301076,1909f56bfc062723c751e8b465ee728b)
Start importing Assets/AllSkyFree/_AllSkyFreeDemoEnvironment/Materials/AllSkyDemoEnv_Rock.mat using Guid(bfe0cbb8b308b4a40a8f309f516eede2) Importer(815301076,1909f56bfc062723c751e8b465ee728b)  -> (artifact id: '5ac8d1062bf7a473399300a039e8c4a4') in 0.014405 seconds 
========================================================================
Received Import Request.
  Time since last request: 0.000037 seconds.
  path: Assets/AllSkyFree/_AllSkyFreeDemoEnvironment/Materials/AllSkyDemoEnv_Flag_Gold.mat
  artifactKey: Guid(01a7bc73373864398befa5c72ebb094c) Importer(815301076,1909f56bfc062723c751e8b465ee728b)
Start importing Assets/AllSkyFree/_AllSkyFreeDemoEnvironment/Materials/AllSkyDemoEnv_Flag_Gold.mat using Guid(01a7bc73373864398befa5c72ebb094c) Importer(815301076,1909f56bfc062723c751e8b465ee728b)  -> (artifact id: '6a3f486cf2cb49ee822b54b635cf38b4') in 0.106998 seconds 
========================================================================
Received Import Request.
  Time since last request: 0.000049 seconds.
  path: Assets/AllSkyFree/_AllSkyFreeDemoEnvironment/Materials/TreeLeaves.mat
  artifactKey: Guid(5a2c0c63420584a7c99a4f89a19e51dd) Importer(815301076,1909f56bfc062723c751e8b465ee728b)
Start importing Assets/AllSkyFree/_AllSkyFreeDemoEnvironment/Materials/TreeLeaves.mat using Guid(5a2c0c63420584a7c99a4f89a19e51dd) Importer(815301076,1909f56bfc062723c751e8b465ee728b)  -> (artifact id: '20064ed38de1ee25cd5cb24befd83b03') in 0.061066 seconds 
========================================================================
Received Import Request.
  Time since last request: 0.000047 seconds.
  path: Assets/AllSkyFree/_AllSkyFreeDemoEnvironment/Materials/AllSkyDemoEnv_Flag_Red.mat
  artifactKey: Guid(33230baef4dda4cf4bd25fcb15d0d06f) Importer(815301076,1909f56bfc062723c751e8b465ee728b)
Start importing Assets/AllSkyFree/_AllSkyFreeDemoEnvironment/Materials/AllSkyDemoEnv_Flag_Red.mat using Guid(33230baef4dda4cf4bd25fcb15d0d06f) Importer(815301076,1909f56bfc062723c751e8b465ee728b)  -> (artifact id: '769dbf2e2bef088162fd9df9f6fc1108') in 0.011973 seconds 
========================================================================
Received Import Request.
  Time since last request: 0.000027 seconds.
  path: Assets/AllSkyFree/_AllSkyFreeDemoEnvironment/Materials/rock.mat
  artifactKey: Guid(51dc696c8ce2945ce968026f5776ca52) Importer(815301076,1909f56bfc062723c751e8b465ee728b)
Start importing Assets/AllSkyFree/_AllSkyFreeDemoEnvironment/Materials/rock.mat using Guid(51dc696c8ce2945ce968026f5776ca52) Importer(815301076,1909f56bfc062723c751e8b465ee728b)  -> (artifact id: '3672484a73e16118446773010d80a9cc') in 0.025260 seconds 
========================================================================
Received Prepare
Registering precompiled user dll's ...
Registered in 0.006020 seconds.
Begin MonoManager ReloadAssembly
Symbol file LoadedFromMemory doesn't match image D:\Naiz\naiz-advanture-master\Library\PackageCache\com.unity.visualscripting@1.7.6\Editor\VisualScripting.Core\Dependencies\YamlDotNet\Unity.VisualScripting.YamlDotNet.dll
Symbol file LoadedFromMemory doesn't match image D:\Naiz\naiz-advanture-master\Library\PackageCache\com.unity.visualscripting@1.7.6\Editor\VisualScripting.Core\Dependencies\DotNetZip\Unity.VisualScripting.IonicZip.dll
Native extension for WindowsStandalone target not found
Native extension for WebGL target not found
Refreshing native plugins compatible for Editor in 0.81 ms, found 3 plugins.
Preloading 0 native plugins for Editor in 0.00 ms.
Mono: successfully reloaded assembly
- Completed reload, in  1.274 seconds
Domain Reload Profiling:
	ReloadAssembly (1275ms)
		BeginReloadAssembly (144ms)
			ExecutionOrderSort (0ms)
			DisableScriptedObjects (5ms)
			BackupInstance (0ms)
			ReleaseScriptingObjects (0ms)
			CreateAndSetChildDomain (39ms)
		EndReloadAssembly (1023ms)
			LoadAssemblies (107ms)
			RebuildTransferFunctionScriptingTraits (0ms)
			SetupTypeCache (327ms)
			ReleaseScriptCaches (2ms)
			RebuildScriptCaches (48ms)
			SetupLoadedEditorAssemblies (488ms)
				LogAssemblyErrors (0ms)
				InitializePlatformSupportModulesInManaged (18ms)
				SetLoadedEditorAssemblies (1ms)
				RefreshPlugins (1ms)
				BeforeProcessingInitializeOnLoad (68ms)
				ProcessInitializeOnLoadAttributes (321ms)
				ProcessInitializeOnLoadMethodAttributes (69ms)
				AfterProcessingInitializeOnLoad (10ms)
				EditorAssembliesLoaded (0ms)
			ExecutionOrderSort2 (0ms)
			AwakeInstancesAfterBackupRestoration (10ms)
Platform modules already initialized, skipping
Refreshing native plugins compatible for Editor in 2.19 ms, found 3 plugins.
Preloading 0 native plugins for Editor in 0.00 ms.
Unloading 3868 Unused Serialized files (Serialized files now loaded: 0)
Unloading 21 unused Assets / (95.3 KB). Loaded Objects now: 4425.
Memory consumption went from 168.4 MB to 168.3 MB.
Total: 3.841900 ms (FindLiveObjects: 0.487900 ms CreateObjectMapping: 0.400400 ms MarkObjects: 2.912200 ms  DeleteObjects: 0.040600 ms)

AssetImportParameters requested are different than current active one (requested -> active):
  custom:video-decoder-ogg-theora: a1e56fd34408186e4bbccfd4996cb3dc -> 
  custom:container-muxer-webm: aa71ff27fc2769a1b78a27578f13a17b -> 
  custom:container-demuxer-webm: 4f35f7cbe854078d1ac9338744f61a02 -> 
  custom:video-encoder-webm-vp8: eb34c28f22e8b96e1ab97ce403110664 -> 
  custom:audio-encoder-webm-vorbis: bf7c407c2cedff20999df2af8eb42d56 -> 
  custom:framework-win-MediaFoundation: 216162199b28c13a410421893ffa2e32 -> 
  custom:container-demuxer-ogg: 62fdf1f143b41e24485cea50d1cbac27 -> 
  custom:video-decoder-webm-vp8: 9c59270c3fd7afecdb556c50c9e8de78 -> 
  custom:audio-decoder-ogg-vorbis: bf7c407c2cedff20999df2af8eb42d56 -> 
========================================================================
Received Import Request.
  Time since last request: 414.640900 seconds.
  path: Assets/AlignedGames/Polygonal Foliage Asset Package/Art/Models/Rocks/Rock15/rock_15.prefab
  artifactKey: Guid(fefd1221c84376442aa6e0e980ce18ac) Importer(815301076,1909f56bfc062723c751e8b465ee728b)
Start importing Assets/AlignedGames/Polygonal Foliage Asset Package/Art/Models/Rocks/Rock15/rock_15.prefab using Guid(fefd1221c84376442aa6e0e980ce18ac) Importer(815301076,1909f56bfc062723c751e8b465ee728b)  -> (artifact id: '3fa68fdf7a1ec7a0666484954e8ff5fd') in 0.075917 seconds 
========================================================================
Received Import Request.
  Time since last request: 30.135685 seconds.
  path: Assets/AlignedGames/Polygonal Foliage Asset Package/Art/Models/Rocks/Rock16/rock_16.prefab
  artifactKey: Guid(be61c66cb65a0174bbd72d369773573a) Importer(815301076,1909f56bfc062723c751e8b465ee728b)
Start importing Assets/AlignedGames/Polygonal Foliage Asset Package/Art/Models/Rocks/Rock16/rock_16.prefab using Guid(be61c66cb65a0174bbd72d369773573a) Importer(815301076,1909f56bfc062723c751e8b465ee728b)  -> (artifact id: 'ca521a9859e1b28d1a7d3a6ab344a6e5') in 0.036935 seconds 
========================================================================
Received Import Request.
  Time since last request: 20.457306 seconds.
  path: Assets/AlignedGames/Polygonal Foliage Asset Package/Art/Models/Rocks/Rock17/rock_17.fbx
  artifactKey: Guid(942b1b10f8077c4489b7e595c43fd37a) Importer(815301076,1909f56bfc062723c751e8b465ee728b)
Start importing Assets/AlignedGames/Polygonal Foliage Asset Package/Art/Models/Rocks/Rock17/rock_17.fbx using Guid(942b1b10f8077c4489b7e595c43fd37a) Importer(815301076,1909f56bfc062723c751e8b465ee728b)  -> (artifact id: 'dfec5a92620bbe6112b638966ca2315a') in 0.045993 seconds 
========================================================================
Received Import Request.
  Time since last request: 87.284408 seconds.
  path: Assets/AlignedGames/Polygonal Foliage Asset Package/Art/Models/Rocks/Rock19/rock_19.prefab
  artifactKey: Guid(ac4a9b56ec2e59e458a10630513ac2e3) Importer(815301076,1909f56bfc062723c751e8b465ee728b)
Start importing Assets/AlignedGames/Polygonal Foliage Asset Package/Art/Models/Rocks/Rock19/rock_19.prefab using Guid(ac4a9b56ec2e59e458a10630513ac2e3) Importer(815301076,1909f56bfc062723c751e8b465ee728b)  -> (artifact id: 'da0879bb3bd35069bf548a8dff3ea22b') in 0.030961 seconds 
========================================================================
Received Import Request.
  Time since last request: 2.379729 seconds.
  path: Assets/AlignedGames/Polygonal Foliage Asset Package/Art/Models/Rocks/Rock20/rock_20.prefab
  artifactKey: Guid(cff80d39f98d87248bd14fe34a584570) Importer(815301076,1909f56bfc062723c751e8b465ee728b)
Start importing Assets/AlignedGames/Polygonal Foliage Asset Package/Art/Models/Rocks/Rock20/rock_20.prefab using Guid(cff80d39f98d87248bd14fe34a584570) Importer(815301076,1909f56bfc062723c751e8b465ee728b)  -> (artifact id: '9777d9f01a27d4a4a262587765066396') in 0.021969 seconds 
========================================================================
Received Import Request.
  Time since last request: 3.756543 seconds.
  path: Assets/AlignedGames/Polygonal Foliage Asset Package/Art/Models/Rocks/Rock21/rock_21.prefab
  artifactKey: Guid(c6bcc207d7e7de747bc89bfb7b81c671) Importer(815301076,1909f56bfc062723c751e8b465ee728b)
Start importing Assets/AlignedGames/Polygonal Foliage Asset Package/Art/Models/Rocks/Rock21/rock_21.prefab using Guid(c6bcc207d7e7de747bc89bfb7b81c671) Importer(815301076,1909f56bfc062723c751e8b465ee728b)  -> (artifact id: '58feaa4ba87a840b2a25e34d6ac5ef67') in 0.036485 seconds 
========================================================================
Received Import Request.
  Time since last request: 25.719024 seconds.
  path: Assets/AlignedGames/Polygonal Foliage Asset Package/Art/Models/Rocks/Rock22/rock_22.prefab
  artifactKey: Guid(e400c68277f05ad48aef490b34bb7182) Importer(815301076,1909f56bfc062723c751e8b465ee728b)
Start importing Assets/AlignedGames/Polygonal Foliage Asset Package/Art/Models/Rocks/Rock22/rock_22.prefab using Guid(e400c68277f05ad48aef490b34bb7182) Importer(815301076,1909f56bfc062723c751e8b465ee728b)  -> (artifact id: '78e4840433e6eed23988bf80ca707cbe') in 0.057518 seconds 
========================================================================
Received Import Request.
  Time since last request: 11.920086 seconds.
  path: Assets/AlignedGames/Polygonal Foliage Asset Package/Art/Models/Rocks/Rock23/rock_23.prefab
  artifactKey: Guid(7ef77ea1474f930448b1af38bd88afa6) Importer(815301076,1909f56bfc062723c751e8b465ee728b)
Start importing Assets/AlignedGames/Polygonal Foliage Asset Package/Art/Models/Rocks/Rock23/rock_23.prefab using Guid(7ef77ea1474f930448b1af38bd88afa6) Importer(815301076,1909f56bfc062723c751e8b465ee728b)  -> (artifact id: '6038225580ffad60a132b53a97e0fddd') in 0.040120 seconds 
========================================================================
Received Import Request.
  Time since last request: 23.168097 seconds.
  path: Assets/AlignedGames/Polygonal Foliage Asset Package/Art/Models/Rocks/Rock24/rock_24.prefab
  artifactKey: Guid(75c2d25c43266e04eab39965948f3361) Importer(815301076,1909f56bfc062723c751e8b465ee728b)
Start importing Assets/AlignedGames/Polygonal Foliage Asset Package/Art/Models/Rocks/Rock24/rock_24.prefab using Guid(75c2d25c43266e04eab39965948f3361) Importer(815301076,1909f56bfc062723c751e8b465ee728b)  -> (artifact id: '536770e9f702604b6bc018d87e3e3172') in 0.032658 seconds 
========================================================================
Received Import Request.
  Time since last request: 21.435367 seconds.
  path: Assets/AlignedGames/Polygonal Foliage Asset Package/Art/Models/Rocks/Rock25/rock_25.prefab
  artifactKey: Guid(da2620f7e21efa2449a66eb046d1ffb1) Importer(815301076,1909f56bfc062723c751e8b465ee728b)
Start importing Assets/AlignedGames/Polygonal Foliage Asset Package/Art/Models/Rocks/Rock25/rock_25.prefab using Guid(da2620f7e21efa2449a66eb046d1ffb1) Importer(815301076,1909f56bfc062723c751e8b465ee728b)  -> (artifact id: '959093208e4f0a101fa0bff9ba20cae9') in 0.024777 seconds 
========================================================================
Received Prepare
Registering precompiled user dll's ...
Registered in 0.006696 seconds.
Begin MonoManager ReloadAssembly
Symbol file LoadedFromMemory doesn't match image D:\Naiz\naiz-advanture-master\Library\PackageCache\com.unity.visualscripting@1.7.6\Editor\VisualScripting.Core\Dependencies\YamlDotNet\Unity.VisualScripting.YamlDotNet.dll
Symbol file LoadedFromMemory doesn't match image D:\Naiz\naiz-advanture-master\Library\PackageCache\com.unity.visualscripting@1.7.6\Editor\VisualScripting.Core\Dependencies\DotNetZip\Unity.VisualScripting.IonicZip.dll
Native extension for WindowsStandalone target not found
Native extension for WebGL target not found
Refreshing native plugins compatible for Editor in 0.71 ms, found 3 plugins.
Preloading 0 native plugins for Editor in 0.00 ms.
Mono: successfully reloaded assembly
- Completed reload, in  1.295 seconds
Domain Reload Profiling:
	ReloadAssembly (1296ms)
		BeginReloadAssembly (147ms)
			ExecutionOrderSort (0ms)
			DisableScriptedObjects (4ms)
			BackupInstance (0ms)
			ReleaseScriptingObjects (0ms)
			CreateAndSetChildDomain (42ms)
		EndReloadAssembly (1048ms)
			LoadAssemblies (102ms)
			RebuildTransferFunctionScriptingTraits (0ms)
			SetupTypeCache (346ms)
			ReleaseScriptCaches (2ms)
			RebuildScriptCaches (64ms)
			SetupLoadedEditorAssemblies (410ms)
				LogAssemblyErrors (0ms)
				InitializePlatformSupportModulesInManaged (14ms)
				SetLoadedEditorAssemblies (0ms)
				RefreshPlugins (1ms)
				BeforeProcessingInitializeOnLoad (63ms)
				ProcessInitializeOnLoadAttributes (262ms)
				ProcessInitializeOnLoadMethodAttributes (60ms)
				AfterProcessingInitializeOnLoad (9ms)
				EditorAssembliesLoaded (0ms)
			ExecutionOrderSort2 (0ms)
			AwakeInstancesAfterBackupRestoration (9ms)
Platform modules already initialized, skipping
Refreshing native plugins compatible for Editor in 1.88 ms, found 3 plugins.
Preloading 0 native plugins for Editor in 0.00 ms.
Unloading 3868 Unused Serialized files (Serialized files now loaded: 0)
Unloading 21 unused Assets / (95.4 KB). Loaded Objects now: 4440.
Memory consumption went from 168.4 MB to 168.3 MB.
Total: 3.148700 ms (FindLiveObjects: 0.286900 ms CreateObjectMapping: 0.172200 ms MarkObjects: 2.660000 ms  DeleteObjects: 0.028700 ms)

AssetImportParameters requested are different than current active one (requested -> active):
  custom:video-decoder-ogg-theora: a1e56fd34408186e4bbccfd4996cb3dc -> 
  custom:container-muxer-webm: aa71ff27fc2769a1b78a27578f13a17b -> 
  custom:container-demuxer-webm: 4f35f7cbe854078d1ac9338744f61a02 -> 
  custom:video-encoder-webm-vp8: eb34c28f22e8b96e1ab97ce403110664 -> 
  custom:audio-encoder-webm-vorbis: bf7c407c2cedff20999df2af8eb42d56 -> 
  custom:framework-win-MediaFoundation: 216162199b28c13a410421893ffa2e32 -> 
  custom:container-demuxer-ogg: 62fdf1f143b41e24485cea50d1cbac27 -> 
  custom:video-decoder-webm-vp8: 9c59270c3fd7afecdb556c50c9e8de78 -> 
  custom:audio-decoder-ogg-vorbis: bf7c407c2cedff20999df2af8eb42d56 -> 
