Using pre-set license
Built from '2021.3/staging' branch; Version is '2021.3.3f1 (af2e63e8f9bd) revision 11480675'; Using compiler version '192829333'; Build Type 'Release'
OS: 'Windows 10  (10.0.19044) 64bit Professional' Language: 'en' Physical Memory: 16304 MB
BatchMode: 1, IsHumanControllingUs: 0, StartBugReporterOnCrash: 0, Is64bit: 1, IsPro: 1

COMMAND LINE ARGUMENTS:
C:\Program Files\Unity\Hub\Editor\2021.3.3f1\Editor\Unity.exe
-adb2
-batchMode
-noUpm
-name
AssetImportWorker4
-projectPath
D:/Naiz/naiz-advanture-master
-logFile
Logs/AssetImportWorker4.log
-srvPort
20842
Successfully changed project path to: D:/Naiz/naiz-advanture-master
D:/Naiz/naiz-advanture-master
[UnityMemory] Configuration Parameters - Can be set up in boot.config
    "memorysetup-bucket-allocator-granularity=16"
    "memorysetup-bucket-allocator-bucket-count=8"
    "memorysetup-bucket-allocator-block-size=33554432"
    "memorysetup-bucket-allocator-block-count=8"
    "memorysetup-main-allocator-block-size=16777216"
    "memorysetup-thread-allocator-block-size=16777216"
    "memorysetup-gfx-main-allocator-block-size=16777216"
    "memorysetup-gfx-thread-allocator-block-size=16777216"
    "memorysetup-cache-allocator-block-size=4194304"
    "memorysetup-typetree-allocator-block-size=2097152"
    "memorysetup-profiler-bucket-allocator-granularity=16"
    "memorysetup-profiler-bucket-allocator-bucket-count=8"
    "memorysetup-profiler-bucket-allocator-block-size=33554432"
    "memorysetup-profiler-bucket-allocator-block-count=8"
    "memorysetup-profiler-allocator-block-size=16777216"
    "memorysetup-profiler-editor-allocator-block-size=1048576"
    "memorysetup-temp-allocator-size-main=16777216"
    "memorysetup-job-temp-allocator-block-size=2097152"
    "memorysetup-job-temp-allocator-block-size-background=1048576"
    "memorysetup-job-temp-allocator-reduction-small-platforms=262144"
    "memorysetup-temp-allocator-size-background-worker=32768"
    "memorysetup-temp-allocator-size-job-worker=262144"
    "memorysetup-temp-allocator-size-preload-manager=33554432"
    "memorysetup-temp-allocator-size-nav-mesh-worker=65536"
    "memorysetup-temp-allocator-size-audio-worker=65536"
    "memorysetup-temp-allocator-size-cloud-worker=32768"
    "memorysetup-temp-allocator-size-gi-baking-worker=262144"
    "memorysetup-temp-allocator-size-gfx=262144"
Refreshing native plugins compatible for Editor in 97.89 ms, found 3 plugins.
Preloading 0 native plugins for Editor in 0.00 ms.
Initialize engine version: 2021.3.3f1 (af2e63e8f9bd)
[Subsystems] Discovering subsystems at path C:/Program Files/Unity/Hub/Editor/2021.3.3f1/Editor/Data/Resources/UnitySubsystems
[Subsystems] Discovering subsystems at path D:/Naiz/naiz-advanture-master/Assets
GfxDevice: creating device client; threaded=0; jobified=0
Direct3D:
    Version:  Direct3D 11.0 [level 11.1]
    Renderer: NVIDIA GeForce GTX 1050 Ti (ID=0x1c82)
    Vendor:   NVIDIA
    VRAM:     4018 MB
    Driver:   30.0.14.9649
Initialize mono
Mono path[0] = 'C:/Program Files/Unity/Hub/Editor/2021.3.3f1/Editor/Data/Managed'
Mono path[1] = 'C:/Program Files/Unity/Hub/Editor/2021.3.3f1/Editor/Data/MonoBleedingEdge/lib/mono/unityjit-win32'
Mono config path = 'C:/Program Files/Unity/Hub/Editor/2021.3.3f1/Editor/Data/MonoBleedingEdge/etc'
Using monoOptions --debugger-agent=transport=dt_socket,embedding=1,server=y,suspend=n,address=127.0.0.1:56240
Begin MonoManager ReloadAssembly
Registering precompiled unity dll's ...
Register platform support module: C:/Program Files/Unity/Hub/Editor/2021.3.3f1/Editor/Data/PlaybackEngines/WebGLSupport/UnityEditor.WebGL.Extensions.dll
Register platform support module: C:/Program Files/Unity/Hub/Editor/2021.3.3f1/Editor/Data/PlaybackEngines/WindowsStandaloneSupport/UnityEditor.WindowsStandalone.Extensions.dll
Registered in 0.006680 seconds.
Native extension for WindowsStandalone target not found
Native extension for WebGL target not found
Refreshing native plugins compatible for Editor in 98.68 ms, found 3 plugins.
Preloading 0 native plugins for Editor in 0.00 ms.
Mono: successfully reloaded assembly
- Completed reload, in  0.627 seconds
Domain Reload Profiling:
	ReloadAssembly (628ms)
		BeginReloadAssembly (73ms)
			ExecutionOrderSort (0ms)
			DisableScriptedObjects (0ms)
			BackupInstance (0ms)
			ReleaseScriptingObjects (0ms)
			CreateAndSetChildDomain (1ms)
		EndReloadAssembly (449ms)
			LoadAssemblies (72ms)
			RebuildTransferFunctionScriptingTraits (0ms)
			SetupTypeCache (99ms)
			ReleaseScriptCaches (0ms)
			RebuildScriptCaches (28ms)
			SetupLoadedEditorAssemblies (275ms)
				LogAssemblyErrors (0ms)
				InitializePlatformSupportModulesInManaged (8ms)
				SetLoadedEditorAssemblies (0ms)
				RefreshPlugins (99ms)
				BeforeProcessingInitializeOnLoad (1ms)
				ProcessInitializeOnLoadAttributes (119ms)
				ProcessInitializeOnLoadMethodAttributes (47ms)
				AfterProcessingInitializeOnLoad (0ms)
				EditorAssembliesLoaded (0ms)
			ExecutionOrderSort2 (0ms)
			AwakeInstancesAfterBackupRestoration (0ms)
Platform modules already initialized, skipping
Registering precompiled user dll's ...
Registered in 0.006247 seconds.
Begin MonoManager ReloadAssembly
Symbol file LoadedFromMemory doesn't match image D:\Naiz\naiz-advanture-master\Library\PackageCache\com.unity.visualscripting@1.7.6\Editor\VisualScripting.Core\Dependencies\YamlDotNet\Unity.VisualScripting.YamlDotNet.dll
Symbol file LoadedFromMemory doesn't match image D:\Naiz\naiz-advanture-master\Library\PackageCache\com.unity.visualscripting@1.7.6\Editor\VisualScripting.Core\Dependencies\DotNetZip\Unity.VisualScripting.IonicZip.dll
Native extension for WindowsStandalone target not found
Native extension for WebGL target not found
Refreshing native plugins compatible for Editor in 88.99 ms, found 3 plugins.
Preloading 0 native plugins for Editor in 0.00 ms.
Mono: successfully reloaded assembly
- Completed reload, in  1.212 seconds
Domain Reload Profiling:
	ReloadAssembly (1213ms)
		BeginReloadAssembly (104ms)
			ExecutionOrderSort (0ms)
			DisableScriptedObjects (6ms)
			BackupInstance (0ms)
			ReleaseScriptingObjects (0ms)
			CreateAndSetChildDomain (16ms)
		EndReloadAssembly (1001ms)
			LoadAssemblies (88ms)
			RebuildTransferFunctionScriptingTraits (0ms)
			SetupTypeCache (273ms)
			ReleaseScriptCaches (1ms)
			RebuildScriptCaches (54ms)
			SetupLoadedEditorAssemblies (545ms)
				LogAssemblyErrors (0ms)
				InitializePlatformSupportModulesInManaged (6ms)
				SetLoadedEditorAssemblies (0ms)
				RefreshPlugins (89ms)
				BeforeProcessingInitializeOnLoad (82ms)
				ProcessInitializeOnLoadAttributes (312ms)
				ProcessInitializeOnLoadMethodAttributes (50ms)
				AfterProcessingInitializeOnLoad (6ms)
				EditorAssembliesLoaded (0ms)
			ExecutionOrderSort2 (0ms)
			AwakeInstancesAfterBackupRestoration (8ms)
Platform modules already initialized, skipping
========================================================================
Worker process is ready to serve import requests
Launched and connected shader compiler UnityShaderCompiler.exe after 0.05 seconds
Refreshing native plugins compatible for Editor in 0.69 ms, found 3 plugins.
Preloading 0 native plugins for Editor in 0.00 ms.
Unloading 3887 Unused Serialized files (Serialized files now loaded: 0)
Unloading 42 unused Assets / (130.2 KB). Loaded Objects now: 4369.
Memory consumption went from 165.2 MB to 165.1 MB.
Total: 3.181900 ms (FindLiveObjects: 0.298500 ms CreateObjectMapping: 0.196300 ms MarkObjects: 2.591000 ms  DeleteObjects: 0.095000 ms)

AssetImportParameters requested are different than current active one (requested -> active):
  custom:video-decoder-ogg-theora: a1e56fd34408186e4bbccfd4996cb3dc -> 
  custom:container-muxer-webm: aa71ff27fc2769a1b78a27578f13a17b -> 
  custom:container-demuxer-webm: 4f35f7cbe854078d1ac9338744f61a02 -> 
  custom:video-encoder-webm-vp8: eb34c28f22e8b96e1ab97ce403110664 -> 
  custom:audio-encoder-webm-vorbis: bf7c407c2cedff20999df2af8eb42d56 -> 
  custom:framework-win-MediaFoundation: 216162199b28c13a410421893ffa2e32 -> 
  custom:container-demuxer-ogg: 62fdf1f143b41e24485cea50d1cbac27 -> 
  custom:video-decoder-webm-vp8: 9c59270c3fd7afecdb556c50c9e8de78 -> 
  custom:audio-decoder-ogg-vorbis: bf7c407c2cedff20999df2af8eb42d56 -> 
========================================================================
Received Import Request.
  Time since last request: 3338.114804 seconds.
  path: Assets/Monster_Orc (Troll)/Prefabs
  artifactKey: Guid(bf436d8f7dfb34e92b4a496fa98a8a49) Importer(815301076,1909f56bfc062723c751e8b465ee728b)
Start importing Assets/Monster_Orc (Troll)/Prefabs using Guid(bf436d8f7dfb34e92b4a496fa98a8a49) Importer(815301076,1909f56bfc062723c751e8b465ee728b)  -> (artifact id: 'dfbd7cf586e686a17fb7b3333d7c6edb') in 0.026397 seconds 
========================================================================
Received Import Request.
  Time since last request: 135.445852 seconds.
  path: Assets/Polytope Studio
  artifactKey: Guid(119eda5f97d1ca848b780a195b93aebd) Importer(815301076,1909f56bfc062723c751e8b465ee728b)
Start importing Assets/Polytope Studio using Guid(119eda5f97d1ca848b780a195b93aebd) Importer(815301076,1909f56bfc062723c751e8b465ee728b)  -> (artifact id: '7f5aff7d6063b71f19b3525ea1c22d5e') in 0.002209 seconds 
========================================================================
Received Import Request.
  Time since last request: 0.358276 seconds.
  path: Assets/Monster_Orc (Troll)
  artifactKey: Guid(c550023039692e24cae7b36eb52385be) Importer(815301076,1909f56bfc062723c751e8b465ee728b)
Start importing Assets/Monster_Orc (Troll) using Guid(c550023039692e24cae7b36eb52385be) Importer(815301076,1909f56bfc062723c751e8b465ee728b)  -> (artifact id: 'c26b542ba11bfdc9ad8efd99b0792a0d') in 0.001994 seconds 
========================================================================
Received Import Request.
  Time since last request: 0.986166 seconds.
  path: Assets/SiuniaevCharacters
  artifactKey: Guid(b567c76ef53436d4ca9b34aa869d2592) Importer(815301076,1909f56bfc062723c751e8b465ee728b)
Start importing Assets/SiuniaevCharacters using Guid(b567c76ef53436d4ca9b34aa869d2592) Importer(815301076,1909f56bfc062723c751e8b465ee728b)  -> (artifact id: '012b1ba06f7a9a5bbacb66310b65df0a') in 0.001844 seconds 
========================================================================
Received Import Request.
  Time since last request: 0.612737 seconds.
  path: Assets/StarterAssets
  artifactKey: Guid(f2751342c5dabb040920102fcac79bc7) Importer(815301076,1909f56bfc062723c751e8b465ee728b)
Start importing Assets/StarterAssets using Guid(f2751342c5dabb040920102fcac79bc7) Importer(815301076,1909f56bfc062723c751e8b465ee728b)  -> (artifact id: '002b54ed6c3ce53b9091d0d8d2c7721e') in 0.001986 seconds 
========================================================================
Received Import Request.
  Time since last request: 18.840380 seconds.
  path: Assets/Free/Stones/Textures
  artifactKey: Guid(bc2d093668c831b4a8514f32f7877985) Importer(815301076,1909f56bfc062723c751e8b465ee728b)
Start importing Assets/Free/Stones/Textures using Guid(bc2d093668c831b4a8514f32f7877985) Importer(815301076,1909f56bfc062723c751e8b465ee728b)  -> (artifact id: 'e8d125a526c011b03436b86809676ef5') in 0.002124 seconds 
========================================================================
Received Import Request.
  Time since last request: 0.000030 seconds.
  path: Assets/Free/Stones/Textures/stones_normal.png
  artifactKey: Guid(392ad43b7ad61f040aa99db72f5315f2) Importer(815301076,1909f56bfc062723c751e8b465ee728b)
Start importing Assets/Free/Stones/Textures/stones_normal.png using Guid(392ad43b7ad61f040aa99db72f5315f2) Importer(815301076,1909f56bfc062723c751e8b465ee728b)  -> (artifact id: '940275b6b0b2985a8468b2e754808a10') in 0.136239 seconds 
========================================================================
Received Import Request.
  Time since last request: 847.222817 seconds.
  path: Assets/Free/Stones/Mesh/Stone_1.fbx
  artifactKey: Guid(0a1cade8f3785a5498483caf954be128) Importer(815301076,1909f56bfc062723c751e8b465ee728b)
Start importing Assets/Free/Stones/Mesh/Stone_1.fbx using Guid(0a1cade8f3785a5498483caf954be128) Importer(815301076,1909f56bfc062723c751e8b465ee728b)  -> (artifact id: 'feeb0e35fd3d818acb6fabc8cc199a23') in 0.098058 seconds 
========================================================================
Received Import Request.
  Time since last request: 0.000024 seconds.
  path: Assets/Free/Stones/Mesh/Stone_4.fbx
  artifactKey: Guid(043111edfa1d129478e041d0c2a324c8) Importer(815301076,1909f56bfc062723c751e8b465ee728b)
Start importing Assets/Free/Stones/Mesh/Stone_4.fbx using Guid(043111edfa1d129478e041d0c2a324c8) Importer(815301076,1909f56bfc062723c751e8b465ee728b)  -> (artifact id: '869271fb069714e6c6c1f0a292fd76a0') in 0.020570 seconds 
========================================================================
Received Import Request.
  Time since last request: 3411.443087 seconds.
  path: Assets/Free
  artifactKey: Guid(6de65543cabc91a47a05890d5fbd58d4) Importer(815301076,1909f56bfc062723c751e8b465ee728b)
Start importing Assets/Free using Guid(6de65543cabc91a47a05890d5fbd58d4) Importer(815301076,1909f56bfc062723c751e8b465ee728b)  -> (artifact id: '63ea5b972fc68c7dfee96e200e9eadfc') in 0.001890 seconds 
========================================================================
Received Import Request.
  Time since last request: 5.232165 seconds.
  path: Assets/photorealisticStones/Prefabs
  artifactKey: Guid(2a25d2ff565ec69469b82bdac6cfa884) Importer(815301076,1909f56bfc062723c751e8b465ee728b)
Start importing Assets/photorealisticStones/Prefabs using Guid(2a25d2ff565ec69469b82bdac6cfa884) Importer(815301076,1909f56bfc062723c751e8b465ee728b)  -> (artifact id: 'd35414a38e4fc6fa1edcc6a8da46aedc') in 0.001496 seconds 
========================================================================
Received Import Request.
  Time since last request: 0.039261 seconds.
  path: Assets/photorealisticStones/Prefabs/stone_01.prefab
  artifactKey: Guid(8da8c0fcb96f1784c9091b814918bc01) Importer(815301076,1909f56bfc062723c751e8b465ee728b)
Start importing Assets/photorealisticStones/Prefabs/stone_01.prefab using Guid(8da8c0fcb96f1784c9091b814918bc01) Importer(815301076,1909f56bfc062723c751e8b465ee728b)  -> (artifact id: '117f8af92cea958802b903a2a2849dd4') in 0.334326 seconds 
========================================================================
Received Import Request.
  Time since last request: 0.000031 seconds.
  path: Assets/photorealisticStones/Prefabs/stone_39.prefab
  artifactKey: Guid(b1ec8df3e93dfd34ca6239a885c94583) Importer(815301076,1909f56bfc062723c751e8b465ee728b)
Start importing Assets/photorealisticStones/Prefabs/stone_39.prefab using Guid(b1ec8df3e93dfd34ca6239a885c94583) Importer(815301076,1909f56bfc062723c751e8b465ee728b)  -> (artifact id: 'eacba93405e9cad4479b0111163b843c') in 0.033589 seconds 
========================================================================
Received Import Request.
  Time since last request: 0.000035 seconds.
  path: Assets/photorealisticStones/Prefabs/stone_40.prefab
  artifactKey: Guid(5a39edfc6d1345f4382a7c246e0038ef) Importer(815301076,1909f56bfc062723c751e8b465ee728b)
Start importing Assets/photorealisticStones/Prefabs/stone_40.prefab using Guid(5a39edfc6d1345f4382a7c246e0038ef) Importer(815301076,1909f56bfc062723c751e8b465ee728b)  -> (artifact id: '8564e942526672e8182dd3ce50dee721') in 0.026175 seconds 
========================================================================
Received Import Request.
  Time since last request: 0.000021 seconds.
  path: Assets/photorealisticStones/Prefabs/stone_14.prefab
  artifactKey: Guid(3a332f9956ea9de4fa0a79f1c628eac7) Importer(815301076,1909f56bfc062723c751e8b465ee728b)
Start importing Assets/photorealisticStones/Prefabs/stone_14.prefab using Guid(3a332f9956ea9de4fa0a79f1c628eac7) Importer(815301076,1909f56bfc062723c751e8b465ee728b)  -> (artifact id: '7cd282cf059deb38e8a0426bc3c06f79') in 0.115052 seconds 
========================================================================
Received Import Request.
  Time since last request: 26.380089 seconds.
  path: Assets/photorealisticStones/FBX/stone_39.FBX
  artifactKey: Guid(62bf74ed38f072040b0418a6a29dc4ea) Importer(815301076,1909f56bfc062723c751e8b465ee728b)
Start importing Assets/photorealisticStones/FBX/stone_39.FBX using Guid(62bf74ed38f072040b0418a6a29dc4ea) Importer(815301076,1909f56bfc062723c751e8b465ee728b)  -> (artifact id: '23ccb916f0d00083f2013118a838a171') in 0.054925 seconds 
========================================================================
Received Import Request.
  Time since last request: 18.547886 seconds.
  path: Assets/PBR_Rock_Cliffs_Pack/Prefabs
  artifactKey: Guid(e44662d03121fd5459d8d4a7797c0976) Importer(815301076,1909f56bfc062723c751e8b465ee728b)
Start importing Assets/PBR_Rock_Cliffs_Pack/Prefabs using Guid(e44662d03121fd5459d8d4a7797c0976) Importer(815301076,1909f56bfc062723c751e8b465ee728b)  -> (artifact id: '4c96a615aa908bd2d70c09126ba9d561') in 0.001416 seconds 
========================================================================
Received Import Request.
  Time since last request: 0.039029 seconds.
  path: Assets/PBR_Rock_Cliffs_Pack/Prefabs/Ground.prefab
  artifactKey: Guid(cc3b405f59acea54c9f208a9d90d23f7) Importer(815301076,1909f56bfc062723c751e8b465ee728b)
Start importing Assets/PBR_Rock_Cliffs_Pack/Prefabs/Ground.prefab using Guid(cc3b405f59acea54c9f208a9d90d23f7) Importer(815301076,1909f56bfc062723c751e8b465ee728b)  -> (artifact id: 'd0783e1654c5adc42a32369ebfda200e') in 0.010119 seconds 
========================================================================
Received Import Request.
  Time since last request: 6.209160 seconds.
  path: Assets/PBR_Rock_Cliffs_Pack/3D_Model
  artifactKey: Guid(be9290a410505cc4ba2923566ee47c91) Importer(815301076,1909f56bfc062723c751e8b465ee728b)
Start importing Assets/PBR_Rock_Cliffs_Pack/3D_Model using Guid(be9290a410505cc4ba2923566ee47c91) Importer(815301076,1909f56bfc062723c751e8b465ee728b)  -> (artifact id: '97854b6ca75369704c3570b9c0ee3778') in 0.001925 seconds 
========================================================================
Received Import Request.
  Time since last request: 0.038472 seconds.
  path: Assets/PBR_Rock_Cliffs_Pack/3D_Model/PBR_Rock_Cliffs_Pack .FBX
  artifactKey: Guid(14900d078b25a264198b387843f7688c) Importer(815301076,1909f56bfc062723c751e8b465ee728b)
Start importing Assets/PBR_Rock_Cliffs_Pack/3D_Model/PBR_Rock_Cliffs_Pack .FBX using Guid(14900d078b25a264198b387843f7688c) Importer(815301076,1909f56bfc062723c751e8b465ee728b)  -> (artifact id: '4ad47a4326de07b87695491ca1f25874') in 1.599742 seconds 
========================================================================
Received Import Request.
  Time since last request: 0.000028 seconds.
  path: Assets/PBR_Rock_Cliffs_Pack/Materials/Mat_Ground.mat
  artifactKey: Guid(c78526709cb450744b5432eef00f4496) Importer(815301076,1909f56bfc062723c751e8b465ee728b)
Start importing Assets/PBR_Rock_Cliffs_Pack/Materials/Mat_Ground.mat using Guid(c78526709cb450744b5432eef00f4496) Importer(815301076,1909f56bfc062723c751e8b465ee728b)  -> (artifact id: 'ef05a85b4f0df3c5064a49eb5fffc15a') in 0.127360 seconds 
========================================================================
Received Import Request.
  Time since last request: 2.536540 seconds.
  path: Assets/PBR_Rock_Cliffs_Pack/Prefabs/Standart_Stone_Prefabs
  artifactKey: Guid(55e9189951454d94aa999e020a7efcea) Importer(815301076,1909f56bfc062723c751e8b465ee728b)
Start importing Assets/PBR_Rock_Cliffs_Pack/Prefabs/Standart_Stone_Prefabs using Guid(55e9189951454d94aa999e020a7efcea) Importer(815301076,1909f56bfc062723c751e8b465ee728b)  -> (artifact id: '5552f6ac314ce04f0dcff76e2566f94f') in 0.002027 seconds 
========================================================================
Received Import Request.
  Time since last request: 0.539772 seconds.
  path: Assets/PBR_Rock_Cliffs_Pack/Prefabs/Standart_Stone_Prefabs/Cliffs_Stone_Prefabs_Standart
  artifactKey: Guid(a4d1b5d9d71501749bb3114439dd5ec1) Importer(815301076,1909f56bfc062723c751e8b465ee728b)
Start importing Assets/PBR_Rock_Cliffs_Pack/Prefabs/Standart_Stone_Prefabs/Cliffs_Stone_Prefabs_Standart using Guid(a4d1b5d9d71501749bb3114439dd5ec1) Importer(815301076,1909f56bfc062723c751e8b465ee728b)  -> (artifact id: '49600a27390fbba47c9455d4663eb521') in 0.001640 seconds 
========================================================================
Received Import Request.
  Time since last request: 0.046899 seconds.
  path: Assets/PBR_Rock_Cliffs_Pack/Prefabs/Standart_Stone_Prefabs/Cliffs_Stone_Prefabs_Standart/Cliffs_LargeStone_1.prefab
  artifactKey: Guid(d5161090937751348b21dee27cea90dd) Importer(815301076,1909f56bfc062723c751e8b465ee728b)
Start importing Assets/PBR_Rock_Cliffs_Pack/Prefabs/Standart_Stone_Prefabs/Cliffs_Stone_Prefabs_Standart/Cliffs_LargeStone_1.prefab using Guid(d5161090937751348b21dee27cea90dd) Importer(815301076,1909f56bfc062723c751e8b465ee728b)  -> (artifact id: '03a47517a431786363d87990ee70bc9c') in 0.030212 seconds 
========================================================================
Received Import Request.
  Time since last request: 0.000036 seconds.
  path: Assets/PBR_Rock_Cliffs_Pack/Prefabs/Standart_Stone_Prefabs/Cliffs_Stone_Prefabs_Standart/Cliffs_SmallStone_4.prefab
  artifactKey: Guid(de10cd74b2719f54790c244fd2242582) Importer(815301076,1909f56bfc062723c751e8b465ee728b)
Start importing Assets/PBR_Rock_Cliffs_Pack/Prefabs/Standart_Stone_Prefabs/Cliffs_Stone_Prefabs_Standart/Cliffs_SmallStone_4.prefab using Guid(de10cd74b2719f54790c244fd2242582) Importer(815301076,1909f56bfc062723c751e8b465ee728b)  -> (artifact id: '4625f0350ac48d401b3d668096bcd285') in 0.032753 seconds 
========================================================================
Received Import Request.
  Time since last request: 0.000019 seconds.
  path: Assets/PBR_Rock_Cliffs_Pack/Prefabs/Standart_Stone_Prefabs/Cliffs_Stone_Prefabs_Standart/Cliffs_SmallStone_5.prefab
  artifactKey: Guid(7f18c021e4e604f44b3edfdf46fcce4d) Importer(815301076,1909f56bfc062723c751e8b465ee728b)
Start importing Assets/PBR_Rock_Cliffs_Pack/Prefabs/Standart_Stone_Prefabs/Cliffs_Stone_Prefabs_Standart/Cliffs_SmallStone_5.prefab using Guid(7f18c021e4e604f44b3edfdf46fcce4d) Importer(815301076,1909f56bfc062723c751e8b465ee728b)  -> (artifact id: 'd58a897d714f64e910e1cd4f55169268') in 0.047966 seconds 
========================================================================
Received Import Request.
  Time since last request: 0.000028 seconds.
  path: Assets/PBR_Rock_Cliffs_Pack/Prefabs/Standart_Stone_Prefabs/Cliffs_Stone_Prefabs_Standart/Cliffs_SmallStone_2.prefab
  artifactKey: Guid(e73211444ef82ef488f2957d26f5c0c1) Importer(815301076,1909f56bfc062723c751e8b465ee728b)
Start importing Assets/PBR_Rock_Cliffs_Pack/Prefabs/Standart_Stone_Prefabs/Cliffs_Stone_Prefabs_Standart/Cliffs_SmallStone_2.prefab using Guid(e73211444ef82ef488f2957d26f5c0c1) Importer(815301076,1909f56bfc062723c751e8b465ee728b)  -> (artifact id: 'e5e90baae2fcf68f49ab8bb618a4fc48') in 0.033450 seconds 
========================================================================
Received Import Request.
  Time since last request: 0.000031 seconds.
  path: Assets/PBR_Rock_Cliffs_Pack/Prefabs/Standart_Stone_Prefabs/Cliffs_Stone_Prefabs_Standart/Cliffs_MediumStone_9.prefab
  artifactKey: Guid(bdc6989c5b21ffe4e9bedbbce0550c5e) Importer(815301076,1909f56bfc062723c751e8b465ee728b)
Start importing Assets/PBR_Rock_Cliffs_Pack/Prefabs/Standart_Stone_Prefabs/Cliffs_Stone_Prefabs_Standart/Cliffs_MediumStone_9.prefab using Guid(bdc6989c5b21ffe4e9bedbbce0550c5e) Importer(815301076,1909f56bfc062723c751e8b465ee728b)  -> (artifact id: '5a0b03b05106a91ab7e8e249573f38fe') in 0.029441 seconds 
========================================================================
Received Import Request.
  Time since last request: 0.000027 seconds.
  path: Assets/PBR_Rock_Cliffs_Pack/Prefabs/Standart_Stone_Prefabs/Cliffs_Stone_Prefabs_Standart/Cliffs_MediumStone_10.prefab
  artifactKey: Guid(72909964af4786a4296159ff5dbee47c) Importer(815301076,1909f56bfc062723c751e8b465ee728b)
Start importing Assets/PBR_Rock_Cliffs_Pack/Prefabs/Standart_Stone_Prefabs/Cliffs_Stone_Prefabs_Standart/Cliffs_MediumStone_10.prefab using Guid(72909964af4786a4296159ff5dbee47c) Importer(815301076,1909f56bfc062723c751e8b465ee728b)  -> (artifact id: '5e7dc0b39867055e67303c0f3e941f56') in 0.031496 seconds 
========================================================================
Received Import Request.
  Time since last request: 0.000050 seconds.
  path: Assets/PBR_Rock_Cliffs_Pack/Prefabs/Standart_Stone_Prefabs/Cliffs_Stone_Prefabs_Standart/Cliffs_MediumStone_4.prefab
  artifactKey: Guid(5c580c03301db874bb446524f05f82fc) Importer(815301076,1909f56bfc062723c751e8b465ee728b)
Start importing Assets/PBR_Rock_Cliffs_Pack/Prefabs/Standart_Stone_Prefabs/Cliffs_Stone_Prefabs_Standart/Cliffs_MediumStone_4.prefab using Guid(5c580c03301db874bb446524f05f82fc) Importer(815301076,1909f56bfc062723c751e8b465ee728b)  -> (artifact id: 'ecbf80d0536567dda45c5acc42f624d5') in 0.033905 seconds 
========================================================================
Received Import Request.
  Time since last request: 0.000053 seconds.
  path: Assets/PBR_Rock_Cliffs_Pack/Prefabs/Standart_Stone_Prefabs/Cliffs_Stone_Prefabs_Standart/Cliffs_MediumStone_12.prefab
  artifactKey: Guid(4c61944c74f4f1b40baeabb6d24727bb) Importer(815301076,1909f56bfc062723c751e8b465ee728b)
Start importing Assets/PBR_Rock_Cliffs_Pack/Prefabs/Standart_Stone_Prefabs/Cliffs_Stone_Prefabs_Standart/Cliffs_MediumStone_12.prefab using Guid(4c61944c74f4f1b40baeabb6d24727bb) Importer(815301076,1909f56bfc062723c751e8b465ee728b)  -> (artifact id: '724c5d52f457e56923bf30783fdff22f') in 0.032704 seconds 
========================================================================
Received Import Request.
  Time since last request: 49.277314 seconds.
  path: Assets/PBR_Rock_Cliffs_Pack/Prefabs/Standart_Stone_Prefabs/CrackyCliffs_Stone_Prefabs_Standart
  artifactKey: Guid(b40d7b075b2efe84ea04004d7691ea7c) Importer(815301076,1909f56bfc062723c751e8b465ee728b)
Start importing Assets/PBR_Rock_Cliffs_Pack/Prefabs/Standart_Stone_Prefabs/CrackyCliffs_Stone_Prefabs_Standart using Guid(b40d7b075b2efe84ea04004d7691ea7c) Importer(815301076,1909f56bfc062723c751e8b465ee728b)  -> (artifact id: 'c73c0f79e9457e95afc3e87a53d83e82') in 0.001779 seconds 
========================================================================
Received Import Request.
  Time since last request: 0.046478 seconds.
  path: Assets/PBR_Rock_Cliffs_Pack/Prefabs/Standart_Stone_Prefabs/CrackyCliffs_Stone_Prefabs_Standart/CrackyCliffs_LargeStone_1.prefab
  artifactKey: Guid(35d34af55412c0940891ba2fe134459d) Importer(815301076,1909f56bfc062723c751e8b465ee728b)
Start importing Assets/PBR_Rock_Cliffs_Pack/Prefabs/Standart_Stone_Prefabs/CrackyCliffs_Stone_Prefabs_Standart/CrackyCliffs_LargeStone_1.prefab using Guid(35d34af55412c0940891ba2fe134459d) Importer(815301076,1909f56bfc062723c751e8b465ee728b)  -> (artifact id: '38d8559219332b4024bef113c27a2306') in 0.031838 seconds 
========================================================================
Received Import Request.
  Time since last request: 0.000023 seconds.
  path: Assets/PBR_Rock_Cliffs_Pack/Prefabs/Standart_Stone_Prefabs/CrackyCliffs_Stone_Prefabs_Standart/CrackyCliffs_SmallStone_2.prefab
  artifactKey: Guid(b892ff789a4b8f7409631f2afc95c2be) Importer(815301076,1909f56bfc062723c751e8b465ee728b)
Start importing Assets/PBR_Rock_Cliffs_Pack/Prefabs/Standart_Stone_Prefabs/CrackyCliffs_Stone_Prefabs_Standart/CrackyCliffs_SmallStone_2.prefab using Guid(b892ff789a4b8f7409631f2afc95c2be) Importer(815301076,1909f56bfc062723c751e8b465ee728b)  -> (artifact id: '457d40f39f4d11bec33fe6c78786ff9e') in 0.031097 seconds 
========================================================================
Received Import Request.
  Time since last request: 0.000034 seconds.
  path: Assets/PBR_Rock_Cliffs_Pack/Prefabs/Standart_Stone_Prefabs/CrackyCliffs_Stone_Prefabs_Standart/CrackyCliffs_SmallStone_5.prefab
  artifactKey: Guid(dec4e355b57e15645ab4751ad6ce3d5f) Importer(815301076,1909f56bfc062723c751e8b465ee728b)
Start importing Assets/PBR_Rock_Cliffs_Pack/Prefabs/Standart_Stone_Prefabs/CrackyCliffs_Stone_Prefabs_Standart/CrackyCliffs_SmallStone_5.prefab using Guid(dec4e355b57e15645ab4751ad6ce3d5f) Importer(815301076,1909f56bfc062723c751e8b465ee728b)  -> (artifact id: '7b21e3bcfdeebc55a115f2fb5dee911d') in 0.034049 seconds 
========================================================================
Received Import Request.
  Time since last request: 0.000030 seconds.
  path: Assets/PBR_Rock_Cliffs_Pack/Prefabs/Standart_Stone_Prefabs/CrackyCliffs_Stone_Prefabs_Standart/CrackyCliffs_MediumStone_9.prefab
  artifactKey: Guid(4dc8dae38cfaadb4bb9e4992d231129f) Importer(815301076,1909f56bfc062723c751e8b465ee728b)
Start importing Assets/PBR_Rock_Cliffs_Pack/Prefabs/Standart_Stone_Prefabs/CrackyCliffs_Stone_Prefabs_Standart/CrackyCliffs_MediumStone_9.prefab using Guid(4dc8dae38cfaadb4bb9e4992d231129f) Importer(815301076,1909f56bfc062723c751e8b465ee728b)  -> (artifact id: '18fbe02e7f1c0fa5bb5f6c012c9957e3') in 0.035782 seconds 
========================================================================
Received Import Request.
  Time since last request: 0.000060 seconds.
  path: Assets/PBR_Rock_Cliffs_Pack/Prefabs/Standart_Stone_Prefabs/CrackyCliffs_Stone_Prefabs_Standart/CrackyCliffs_MediumStone_10.prefab
  artifactKey: Guid(b679767cec3eece4d92f8c94fa2fcdd0) Importer(815301076,1909f56bfc062723c751e8b465ee728b)
Start importing Assets/PBR_Rock_Cliffs_Pack/Prefabs/Standart_Stone_Prefabs/CrackyCliffs_Stone_Prefabs_Standart/CrackyCliffs_MediumStone_10.prefab using Guid(b679767cec3eece4d92f8c94fa2fcdd0) Importer(815301076,1909f56bfc062723c751e8b465ee728b)  -> (artifact id: 'a5fa3a0ca02619271b9ddd93c666e7ea') in 0.035219 seconds 
========================================================================
Received Import Request.
  Time since last request: 0.000055 seconds.
  path: Assets/PBR_Rock_Cliffs_Pack/Prefabs/Standart_Stone_Prefabs/CrackyCliffs_Stone_Prefabs_Standart/CrackyCliffs_MediumStone_11.prefab
  artifactKey: Guid(8c2a92e05603af34194c0c0a3e75c8a2) Importer(815301076,1909f56bfc062723c751e8b465ee728b)
Start importing Assets/PBR_Rock_Cliffs_Pack/Prefabs/Standart_Stone_Prefabs/CrackyCliffs_Stone_Prefabs_Standart/CrackyCliffs_MediumStone_11.prefab using Guid(8c2a92e05603af34194c0c0a3e75c8a2) Importer(815301076,1909f56bfc062723c751e8b465ee728b)  -> (artifact id: 'c82a319bf97ad8de9b3edbe0c86fb56f') in 0.036615 seconds 
========================================================================
Received Import Request.
  Time since last request: 0.000022 seconds.
  path: Assets/PBR_Rock_Cliffs_Pack/Prefabs/Standart_Stone_Prefabs/CrackyCliffs_Stone_Prefabs_Standart/CrackyCliffs_LargeStone_6.prefab
  artifactKey: Guid(a8126bd40e553d64285f3152e5e7147a) Importer(815301076,1909f56bfc062723c751e8b465ee728b)
Start importing Assets/PBR_Rock_Cliffs_Pack/Prefabs/Standart_Stone_Prefabs/CrackyCliffs_Stone_Prefabs_Standart/CrackyCliffs_LargeStone_6.prefab using Guid(a8126bd40e553d64285f3152e5e7147a) Importer(815301076,1909f56bfc062723c751e8b465ee728b)  -> (artifact id: '5f56c96afc4fb9d2d7cb5d2b09a59fce') in 0.034122 seconds 
========================================================================
Received Import Request.
  Time since last request: 0.000094 seconds.
  path: Assets/PBR_Rock_Cliffs_Pack/Prefabs/Standart_Stone_Prefabs/CrackyCliffs_Stone_Prefabs_Standart/CrackyCliffs_SmallStone_4.prefab
  artifactKey: Guid(f84d1fd8d9e46db4f8f258d8424c564b) Importer(815301076,1909f56bfc062723c751e8b465ee728b)
Start importing Assets/PBR_Rock_Cliffs_Pack/Prefabs/Standart_Stone_Prefabs/CrackyCliffs_Stone_Prefabs_Standart/CrackyCliffs_SmallStone_4.prefab using Guid(f84d1fd8d9e46db4f8f258d8424c564b) Importer(815301076,1909f56bfc062723c751e8b465ee728b)  -> (artifact id: 'e58b742b189c9e9c510b87059e0358ba') in 0.029364 seconds 
========================================================================
Received Import Request.
  Time since last request: 43.478031 seconds.
  path: Assets/PBR_Rock_Cliffs_Pack/Prefabs/Standart_Stone_Prefabs/SnowCliffs_Stone_Prefabs_Standart
  artifactKey: Guid(53727b52e93b97f49bbedff161183058) Importer(815301076,1909f56bfc062723c751e8b465ee728b)
Start importing Assets/PBR_Rock_Cliffs_Pack/Prefabs/Standart_Stone_Prefabs/SnowCliffs_Stone_Prefabs_Standart using Guid(53727b52e93b97f49bbedff161183058) Importer(815301076,1909f56bfc062723c751e8b465ee728b)  -> (artifact id: 'b8af3fdbb8e637dc4dd30c5fe4991932') in 0.001950 seconds 
========================================================================
Received Import Request.
  Time since last request: 0.693432 seconds.
  path: Assets/PBR_Rock_Cliffs_Pack/Prefabs/Standart_Stone_Prefabs/SnowCliffs_Stone_Prefabs_Standart/SnowCliffs_LargeStone_1.prefab
  artifactKey: Guid(42488d84fe9883648bd5ccfeaebbdd12) Importer(815301076,1909f56bfc062723c751e8b465ee728b)
Start importing Assets/PBR_Rock_Cliffs_Pack/Prefabs/Standart_Stone_Prefabs/SnowCliffs_Stone_Prefabs_Standart/SnowCliffs_LargeStone_1.prefab using Guid(42488d84fe9883648bd5ccfeaebbdd12) Importer(815301076,1909f56bfc062723c751e8b465ee728b)  -> (artifact id: '7c700664af27a92174dcb733a5fce1cd') in 0.033415 seconds 
========================================================================
Received Import Request.
  Time since last request: 0.000022 seconds.
  path: Assets/PBR_Rock_Cliffs_Pack/Prefabs/Standart_Stone_Prefabs/SnowCliffs_Stone_Prefabs_Standart/SnowCliffs_MediumStone_7.prefab
  artifactKey: Guid(8512da5935624f74a9e75928bd0c9b63) Importer(815301076,1909f56bfc062723c751e8b465ee728b)
Start importing Assets/PBR_Rock_Cliffs_Pack/Prefabs/Standart_Stone_Prefabs/SnowCliffs_Stone_Prefabs_Standart/SnowCliffs_MediumStone_7.prefab using Guid(8512da5935624f74a9e75928bd0c9b63) Importer(815301076,1909f56bfc062723c751e8b465ee728b)  -> (artifact id: '49663ddceb5c3aaa84b1ef530f85655c') in 0.033614 seconds 
========================================================================
Received Import Request.
  Time since last request: 0.000020 seconds.
  path: Assets/PBR_Rock_Cliffs_Pack/Prefabs/Standart_Stone_Prefabs/SnowCliffs_Stone_Prefabs_Standart/SnowCliffs_LargeStone_5.prefab
  artifactKey: Guid(9493776c54fe3d448b86ab05bb3a33f0) Importer(815301076,1909f56bfc062723c751e8b465ee728b)
Start importing Assets/PBR_Rock_Cliffs_Pack/Prefabs/Standart_Stone_Prefabs/SnowCliffs_Stone_Prefabs_Standart/SnowCliffs_LargeStone_5.prefab using Guid(9493776c54fe3d448b86ab05bb3a33f0) Importer(815301076,1909f56bfc062723c751e8b465ee728b)  -> (artifact id: 'd28fff73b703272af8190f2340c8588a') in 0.037173 seconds 
========================================================================
Received Import Request.
  Time since last request: 0.000028 seconds.
  path: Assets/PBR_Rock_Cliffs_Pack/Prefabs/Standart_Stone_Prefabs/SnowCliffs_Stone_Prefabs_Standart/SnowCliffs_MediumStone_1.prefab
  artifactKey: Guid(0540712bdb555bf4fb15bbb35ee17400) Importer(815301076,1909f56bfc062723c751e8b465ee728b)
Start importing Assets/PBR_Rock_Cliffs_Pack/Prefabs/Standart_Stone_Prefabs/SnowCliffs_Stone_Prefabs_Standart/SnowCliffs_MediumStone_1.prefab using Guid(0540712bdb555bf4fb15bbb35ee17400) Importer(815301076,1909f56bfc062723c751e8b465ee728b)  -> (artifact id: 'fb9bc22a9c9d27c3709bd3aaa0734701') in 0.038268 seconds 
========================================================================
Received Import Request.
  Time since last request: 0.000055 seconds.
  path: Assets/PBR_Rock_Cliffs_Pack/Prefabs/Standart_Stone_Prefabs/SnowCliffs_Stone_Prefabs_Standart/SnowCliffs_MediumStone_11.prefab
  artifactKey: Guid(801732ddd6df9d24fbd79ac1565460b1) Importer(815301076,1909f56bfc062723c751e8b465ee728b)
Start importing Assets/PBR_Rock_Cliffs_Pack/Prefabs/Standart_Stone_Prefabs/SnowCliffs_Stone_Prefabs_Standart/SnowCliffs_MediumStone_11.prefab using Guid(801732ddd6df9d24fbd79ac1565460b1) Importer(815301076,1909f56bfc062723c751e8b465ee728b)  -> (artifact id: 'a410827186d480e054c1be6f35fce453') in 0.036900 seconds 
========================================================================
Received Import Request.
  Time since last request: 0.000023 seconds.
  path: Assets/PBR_Rock_Cliffs_Pack/Prefabs/Standart_Stone_Prefabs/SnowCliffs_Stone_Prefabs_Standart/SnowCliffs_LargeStone_4.prefab
  artifactKey: Guid(67b90356fb7b5084a9f73451fd718a1f) Importer(815301076,1909f56bfc062723c751e8b465ee728b)
Start importing Assets/PBR_Rock_Cliffs_Pack/Prefabs/Standart_Stone_Prefabs/SnowCliffs_Stone_Prefabs_Standart/SnowCliffs_LargeStone_4.prefab using Guid(67b90356fb7b5084a9f73451fd718a1f) Importer(815301076,1909f56bfc062723c751e8b465ee728b)  -> (artifact id: 'f7fd4dfb4ec60c19d901faf96925c35b') in 0.033295 seconds 
========================================================================
Received Import Request.
  Time since last request: 0.000057 seconds.
  path: Assets/PBR_Rock_Cliffs_Pack/Prefabs/Standart_Stone_Prefabs/SnowCliffs_Stone_Prefabs_Standart/SnowCliffs_SmallStone_1.prefab
  artifactKey: Guid(286b4a3884ff28948a27211781a39da3) Importer(815301076,1909f56bfc062723c751e8b465ee728b)
Start importing Assets/PBR_Rock_Cliffs_Pack/Prefabs/Standart_Stone_Prefabs/SnowCliffs_Stone_Prefabs_Standart/SnowCliffs_SmallStone_1.prefab using Guid(286b4a3884ff28948a27211781a39da3) Importer(815301076,1909f56bfc062723c751e8b465ee728b)  -> (artifact id: 'd63648688433a6598d99719576334aa4') in 0.028906 seconds 
========================================================================
Received Import Request.
  Time since last request: 0.000068 seconds.
  path: Assets/PBR_Rock_Cliffs_Pack/Prefabs/Standart_Stone_Prefabs/SnowCliffs_Stone_Prefabs_Standart/SnowCliffs_MediumStone_8.prefab
  artifactKey: Guid(ee9dc0a1f9ceab149b7d33bcf1cb12c4) Importer(815301076,1909f56bfc062723c751e8b465ee728b)
Start importing Assets/PBR_Rock_Cliffs_Pack/Prefabs/Standart_Stone_Prefabs/SnowCliffs_Stone_Prefabs_Standart/SnowCliffs_MediumStone_8.prefab using Guid(ee9dc0a1f9ceab149b7d33bcf1cb12c4) Importer(815301076,1909f56bfc062723c751e8b465ee728b)  -> (artifact id: '9b1df3abea257b7deb1881492493bb76') in 0.030586 seconds 
